<?xml version="1.0" encoding="UTF-8"?>
<!-- Generated by org.testng.reporters.JUnitXMLReporter -->
<testsuite ignored="4" hostname="Omkar" failures="0" tests="2" name="Test" time="13.272" errors="0" timestamp="2025-07-31T23:03:25 IST">
  <testcase classname="practice.CreateCampaignTest" name="createTheCampaign" time="2.037"/>
  <testcase classname="practice.CreateProductTest" name="createTheProduct" time="1.964"/>
  <testcase classname="baseClass.BaseClass" name="@AfterSuite closeDBConnectivity" time="0.0">
    <ignored/>
  </testcase> <!-- @AfterSuite closeDBConnectivity -->
  <testcase classname="baseClass.BaseClass" name="@BeforeSuite opneDBConnectivity" time="0.0">
    <ignored/>
  </testcase> <!-- @BeforeSuite opneDBConnectivity -->
  <testcase classname="baseClass.BaseClass" name="@AfterTest stopParallelExecution" time="0.0">
    <ignored/>
  </testcase> <!-- @AfterTest stopParallelExecution -->
  <testcase classname="baseClass.BaseClass" name="@BeforeTest startParallelExecution" time="0.0">
    <ignored/>
  </testcase> <!-- @BeforeTest startParallelExecution -->
</testsuite> <!-- Test -->
