<?xml version="1.0" encoding="UTF-8"?>
<!-- Generated by org.testng.reporters.JUnitXMLReporter -->
<testsuite ignored="4" hostname="Omkar" failures="0" tests="2" name="Test1" time="36.928" errors="0" timestamp="2025-07-17T09:10:26 IST">
  <testcase classname="practice.CreateProduct" name="createTheCampaign" time="3.368"/>
  <testcase classname="practice.CreateCampaign" name="createTheCampaign" time="2.009"/>
  <testcase classname="baseClass.BaseClass" name="@AfterTest stopParallelExecution" time="0.0">
    <ignored/>
  </testcase> <!-- @AfterTest stopParallelExecution -->
  <testcase classname="baseClass.BaseClass" name="@BeforeSuite opneDBConnectivity" time="0.0">
    <ignored/>
  </testcase> <!-- @BeforeSuite opneDBConnectivity -->
  <testcase classname="baseClass.BaseClass" name="@AfterSuite closeDBConnectivity" time="0.0">
    <ignored/>
  </testcase> <!-- @AfterSuite closeDBConnectivity -->
  <testcase classname="baseClass.BaseClass" name="@BeforeTest startParallelExecution" time="0.0">
    <ignored/>
  </testcase> <!-- @BeforeTest startParallelExecution -->
</testsuite> <!-- Test1 -->
