<?xml version="1.0" encoding="UTF-8"?>
<testng-results ignored="0" total="2" passed="2" failed="0" skipped="0">
  <reporter-output>
    <line>
      <![CDATA[Report Configuration]]>
    </line>
    <line>
      <![CDATA[onTestStart]]>
    </line>
    <line>
      <![CDATA[====createTheCampaign Passed===]]>
    </line>
    <line>
      <![CDATA[onTestStart]]>
    </line>
    <line>
      <![CDATA[====createTheProduct Passed===]]>
    </line>
  </reporter-output>
  <suite started-at="2025-07-27T10:23:18 IST" name="Suite" finished-at="2025-07-27T10:23:54 IST" duration-ms="35683">
    <groups>
    </groups>
    <test started-at="2025-07-27T10:23:18 IST" name="Test" finished-at="2025-07-27T10:23:54 IST" duration-ms="35683">
      <class name="practice.CreateProductTest">
        <test-method is-config="true" signature="launchBrowser()[pri:0, instance:practice.CreateProductTest@5b247367]" started-at="2025-07-27T10:23:39 IST" name="launchBrowser" finished-at="2025-07-27T10:23:40 IST" duration-ms="1176" status="PASS">
          <reporter-output>
          </reporter-output>
        </test-method> <!-- launchBrowser -->
        <test-method is-config="true" signature="loginToApp()[pri:0, instance:practice.CreateProductTest@5b247367]" started-at="2025-07-27T10:23:40 IST" name="loginToApp" finished-at="2025-07-27T10:23:45 IST" duration-ms="4458" status="PASS">
          <reporter-output>
          </reporter-output>
        </test-method> <!-- loginToApp -->
        <test-method signature="createTheProduct()[pri:0, instance:practice.CreateProductTest@5b247367]" started-at="2025-07-27T10:23:45 IST" name="createTheProduct" finished-at="2025-07-27T10:23:47 IST" duration-ms="2209" status="PASS">
          <reporter-output>
            <line>
              <![CDATA[onTestStart]]>
            </line>
            <line>
              <![CDATA[====createTheProduct Passed===]]>
            </line>
          </reporter-output>
        </test-method> <!-- createTheProduct -->
        <test-method is-config="true" signature="logoutToApp()[pri:0, instance:practice.CreateProductTest@5b247367]" started-at="2025-07-27T10:23:47 IST" name="logoutToApp" finished-at="2025-07-27T10:23:54 IST" duration-ms="7079" status="PASS">
          <reporter-output>
          </reporter-output>
        </test-method> <!-- logoutToApp -->
        <test-method is-config="true" signature="closeBrowser()[pri:0, instance:practice.CreateProductTest@5b247367]" started-at="2025-07-27T10:23:54 IST" name="closeBrowser" finished-at="2025-07-27T10:23:54 IST" duration-ms="219" status="PASS">
          <reporter-output>
          </reporter-output>
        </test-method> <!-- closeBrowser -->
      </class> <!-- practice.CreateProductTest -->
      <class name="practice.CreateCampaignTest">
        <test-method is-config="true" signature="opneDBConnectivity()[pri:0, instance:practice.CreateCampaignTest@14028087]" started-at="2025-07-27T10:23:18 IST" name="opneDBConnectivity" finished-at="2025-07-27T10:23:18 IST" duration-ms="11" status="PASS">
          <reporter-output>
          </reporter-output>
        </test-method> <!-- opneDBConnectivity -->
        <test-method is-config="true" signature="startParallelExecution()[pri:0, instance:practice.CreateCampaignTest@14028087]" started-at="2025-07-27T10:23:18 IST" name="startParallelExecution" finished-at="2025-07-27T10:23:18 IST" duration-ms="1" status="PASS">
          <reporter-output>
          </reporter-output>
        </test-method> <!-- startParallelExecution -->
        <test-method is-config="true" signature="launchBrowser()[pri:0, instance:practice.CreateCampaignTest@14028087]" started-at="2025-07-27T10:23:18 IST" name="launchBrowser" finished-at="2025-07-27T10:23:20 IST" duration-ms="1652" status="PASS">
          <reporter-output>
          </reporter-output>
        </test-method> <!-- launchBrowser -->
        <test-method is-config="true" signature="loginToApp()[pri:0, instance:practice.CreateCampaignTest@14028087]" started-at="2025-07-27T10:23:20 IST" name="loginToApp" finished-at="2025-07-27T10:23:25 IST" duration-ms="4692" status="PASS">
          <reporter-output>
          </reporter-output>
        </test-method> <!-- loginToApp -->
        <test-method signature="createTheCampaign()[pri:0, instance:practice.CreateCampaignTest@14028087]" started-at="2025-07-27T10:23:25 IST" name="createTheCampaign" finished-at="2025-07-27T10:23:27 IST" duration-ms="2675" status="PASS">
          <reporter-output>
            <line>
              <![CDATA[onTestStart]]>
            </line>
            <line>
              <![CDATA[====createTheCampaign Passed===]]>
            </line>
          </reporter-output>
        </test-method> <!-- createTheCampaign -->
        <test-method is-config="true" signature="logoutToApp()[pri:0, instance:practice.CreateCampaignTest@14028087]" started-at="2025-07-27T10:23:27 IST" name="logoutToApp" finished-at="2025-07-27T10:23:39 IST" duration-ms="11183" status="PASS">
          <reporter-output>
          </reporter-output>
        </test-method> <!-- logoutToApp -->
        <test-method is-config="true" signature="closeBrowser()[pri:0, instance:practice.CreateCampaignTest@14028087]" started-at="2025-07-27T10:23:39 IST" name="closeBrowser" finished-at="2025-07-27T10:23:39 IST" duration-ms="270" status="PASS">
          <reporter-output>
          </reporter-output>
        </test-method> <!-- closeBrowser -->
        <test-method is-config="true" signature="stopParallelExecution()[pri:0, instance:practice.CreateCampaignTest@14028087]" started-at="2025-07-27T10:23:54 IST" name="stopParallelExecution" finished-at="2025-07-27T10:23:54 IST" duration-ms="0" status="PASS">
          <reporter-output>
          </reporter-output>
        </test-method> <!-- stopParallelExecution -->
        <test-method is-config="true" signature="closeDBConnectivity()[pri:0, instance:practice.CreateCampaignTest@14028087]" started-at="2025-07-27T10:23:54 IST" name="closeDBConnectivity" finished-at="2025-07-27T10:23:54 IST" duration-ms="0" status="PASS">
          <reporter-output>
          </reporter-output>
        </test-method> <!-- closeDBConnectivity -->
      </class> <!-- practice.CreateCampaignTest -->
    </test> <!-- Test -->
  </suite> <!-- Suite -->
</testng-results>
